<?xml version="1.0" encoding="UTF-8"?>
<!-- Generated by org.testng.reporters.JUnitReportReporter -->
<testsuite hostname="zubair" failures="0" tests="1" name="smoke_test.New_TestNG" time="11.701" errors="0" timestamp="03 Aug 2018 00:11:55 GMT" skipped="0">
  <testcase classname="smoke_test.New_TestNG" name="zubai" time="11.701"/>
</testsuite> <!-- smoke_test.New_TestNG -->
