<?xml version="1.0" encoding="UTF-8"?>
<!-- Generated by org.testng.reporters.JUnitReportReporter -->
<testsuite hostname="zubair" failures="0" tests="1" name="smoke_test.TestNG_Test" time="2.395" errors="0" timestamp="12 Aug 2018 15:18:04 GMT" skipped="0">
  <testcase classname="smoke_test.TestNG_Test" name="f" time="2.395"/>
</testsuite> <!-- smoke_test.TestNG_Test -->
